<?xml version="1.0" encoding="UTF-8"?>
<!-- Generated by org.testng.reporters.JUnitXMLReporter -->
<testsuite hostname="MehediAziz" ignored="0" name="Default test" tests="3" failures="0" timestamp="28 Mar 2018 11:22:41 GMT" time="44.306" errors="0">
  <testcase name="crmLogoImageTest" time="0.175" classname="com.crm.qa.testcases.LoginPageTest"/>
  <testcase name="loginPageTitleTest" time="0.037" classname="com.crm.qa.testcases.LoginPageTest"/>
  <testcase name="loginTest" time="4.291" classname="com.crm.qa.testcases.LoginPageTest"/>
</testsuite> <!-- Default test -->
